<?xml version="1.0" encoding="UTF-8"?>
<!-- Generated by org.testng.reporters.JUnitReportReporter -->
<testsuite hostname="DESKTOP-U9BEVS1" failures="0" tests="7" name="com.employee.Testclass.TC_004_DELETE_Existing_employee" time="0.005" errors="0" timestamp="2021-09-23T16:51:56 IST" skipped="0">
  <testcase classname="com.employee.Testclass.TC_004_DELETE_Existing_employee" name="statusLine" time="0.000"/>
  <system-out/>
  <testcase classname="com.employee.Testclass.TC_004_DELETE_Existing_employee" name="chekingStatuscode" time="0.000"/>
  <system-out/>
  <testcase classname="com.employee.Testclass.TC_004_DELETE_Existing_employee" name="CheckStatusTime" time="0.002"/>
  <system-out/>
  <testcase classname="com.employee.Testclass.TC_004_DELETE_Existing_employee" name="checkserver" time="0.000"/>
  <system-out/>
  <testcase classname="com.employee.Testclass.TC_004_DELETE_Existing_employee" name="checkresponsebody" time="0.000"/>
  <system-out/>
  <testcase classname="com.employee.Testclass.TC_004_DELETE_Existing_employee" name="CheckcontentEncoding" time="0.000"/>
  <system-out/>
  <testcase classname="com.employee.Testclass.TC_004_DELETE_Existing_employee" name="CheckContentType" time="0.003"/>
  <system-out/>
</testsuite> <!-- com.employee.Testclass.TC_004_DELETE_Existing_employee -->
