<?xml version="1.0" encoding="UTF-8"?>
<!-- Generated by org.testng.reporters.JUnitReportReporter -->
<testsuite hostname="DESKTOP-U9BEVS1" failures="0" tests="7" name="com.employee.Testclass.TC_001_Get_All_Employee" time="0.012" errors="0" timestamp="2021-09-23T16:51:56 IST" skipped="0">
  <testcase classname="com.employee.Testclass.TC_001_Get_All_Employee" name="CheckStatusTime" time="0.000"/>
  <system-out/>
  <testcase classname="com.employee.Testclass.TC_001_Get_All_Employee" name="CheckcontentEncoding" time="0.000"/>
  <system-out/>
  <testcase classname="com.employee.Testclass.TC_001_Get_All_Employee" name="checkresponseBody" time="0.000"/>
  <system-out/>
  <testcase classname="com.employee.Testclass.TC_001_Get_All_Employee" name="checkserver" time="0.000"/>
  <system-out/>
  <testcase classname="com.employee.Testclass.TC_001_Get_All_Employee" name="CheckContentType" time="0.010"/>
  <system-out/>
  <testcase classname="com.employee.Testclass.TC_001_Get_All_Employee" name="statusLine" time="0.000"/>
  <system-out/>
  <testcase classname="com.employee.Testclass.TC_001_Get_All_Employee" name="CheckResponseCode" time="0.002"/>
  <system-out/>
</testsuite> <!-- com.employee.Testclass.TC_001_Get_All_Employee -->
