<?xml version="1.0" encoding="UTF-8"?>
<!-- Generated by org.testng.reporters.JUnitReportReporter -->
<testsuite hostname="DESKTOP-U9BEVS1" failures="0" tests="8" name="com.employee.Testclass.TC_002_Get_Single_Employee_Record" time="0.022" errors="0" timestamp="2021-09-23T16:51:56 IST" skipped="1">
  <testcase classname="com.employee.Testclass.TC_002_Get_Single_Employee_Record" name="CheckStatusTime" time="0.000"/>
  <system-out/>
  <testcase classname="com.employee.Testclass.TC_002_Get_Single_Employee_Record" name="CheckcontentEncoding" time="0.014"/>
  <system-out/>
  <testcase classname="com.employee.Testclass.TC_002_Get_Single_Employee_Record" name="CheckContentType" time="0.000"/>
  <system-out/>
  <testcase classname="com.employee.Testclass.TC_002_Get_Single_Employee_Record" name="chekingStatuscode" time="0.002"/>
  <system-out/>
  <testcase classname="com.employee.Testclass.TC_002_Get_Single_Employee_Record" name="checkserver" time="0.003"/>
  <system-out/>
  <testcase classname="com.employee.Testclass.TC_002_Get_Single_Employee_Record" name="statusLine" time="0.003"/>
  <system-out/>
  <testcase classname="com.employee.Testclass.TC_002_Get_Single_Employee_Record" name="CheckSingleEmployee_firstname" time="0.000"/>
  <system-out/>
  <testcase classname="com.employee.Testclass.TC_002_Get_Single_Employee_Record" name="CheckContentLenght">
    <skipped/>
  </testcase> <!-- CheckContentLenght -->
  <system-out/>
</testsuite> <!-- com.employee.Testclass.TC_002_Get_Single_Employee_Record -->
